0 info it worked if it ends with ok
1 verbose cli [ '/usr/local/bin/node', '/usr/local/bin/npm', 'publis', '.' ]
2 info using npm@1.2.3
3 info using node@v0.9.9-pre
4 verbose publish [ '.' ]
5 verbose read json /home/qawe/Desktop/Projects/ping/package.json
6 verbose cache add [ '.', null ]
7 verbose cache add name=undefined spec="." args=[".",null]
8 verbose parsed url { protocol: null,
8 verbose parsed url   slashes: null,
8 verbose parsed url   auth: null,
8 verbose parsed url   host: null,
8 verbose parsed url   port: null,
8 verbose parsed url   hostname: null,
8 verbose parsed url   hash: null,
8 verbose parsed url   search: null,
8 verbose parsed url   query: null,
8 verbose parsed url   pathname: '.',
8 verbose parsed url   path: '.',
8 verbose parsed url   href: '.' }
9 silly lockFile 3a52ce78- .
10 verbose lock . /home/qawe/.npm/3a52ce78-.lock
11 verbose read json package.json
12 verbose tar pack [ '/home/qawe/tmp/npm-2886/1361101757906-0.2874762616120279/tmp.tgz',
12 verbose tar pack   '.' ]
13 verbose tarball /home/qawe/tmp/npm-2886/1361101757906-0.2874762616120279/tmp.tgz
14 verbose folder .
15 info prepublish Ping@0.0.1
16 silly lockFile ea42c23b-57906-0-2874762616120279-tmp-tgz /home/qawe/tmp/npm-2886/1361101757906-0.2874762616120279/tmp.tgz
17 verbose lock /home/qawe/tmp/npm-2886/1361101757906-0.2874762616120279/tmp.tgz /home/qawe/.npm/ea42c23b-57906-0-2874762616120279-tmp-tgz.lock
18 silly lockFile ea42c23b-57906-0-2874762616120279-tmp-tgz /home/qawe/tmp/npm-2886/1361101757906-0.2874762616120279/tmp.tgz
19 verbose tar unpack /home/qawe/tmp/npm-2886/1361101757906-0.2874762616120279/tmp.tgz
20 silly lockFile f7d40d60-57906-0-2874762616120279-package /home/qawe/tmp/npm-2886/1361101757906-0.2874762616120279/package
21 verbose lock /home/qawe/tmp/npm-2886/1361101757906-0.2874762616120279/package /home/qawe/.npm/f7d40d60-57906-0-2874762616120279-package.lock
22 silly gunzTarPerm modes [ '755', '644' ]
23 silly gunzTarPerm extractEntry package.json
24 silly gunzTarPerm modified mode [ 'package.json', 436, 420 ]
25 silly gunzTarPerm extractEntry .npmignore
26 silly gunzTarPerm modified mode [ '.npmignore', 436, 420 ]
27 silly gunzTarPerm extractEntry README.md
28 silly gunzTarPerm modified mode [ 'README.md', 436, 420 ]
29 silly gunzTarPerm extractEntry app.js
30 silly gunzTarPerm modified mode [ 'app.js', 436, 420 ]
31 silly gunzTarPerm extractEntry config.js
32 silly gunzTarPerm extractEntry websites.js
33 silly gunzTarPerm modified mode [ 'websites.js', 436, 420 ]
34 silly gunzTarPerm extractEntry Procfile
35 silly gunzTarPerm modified mode [ 'Procfile', 436, 420 ]
36 silly gunzTarPerm extractEntry lib/mailer.js
37 silly gunzTarPerm extractEntry lib/ping.js
38 silly gunzTarPerm modified mode [ 'lib/ping.js', 436, 420 ]
39 silly gunzTarPerm extractEntry websites.js~
40 silly gunzTarPerm modified mode [ 'websites.js~', 436, 420 ]
41 verbose read json /home/qawe/tmp/npm-2886/1361101757906-0.2874762616120279/package/package.json
42 silly lockFile f7d40d60-57906-0-2874762616120279-package /home/qawe/tmp/npm-2886/1361101757906-0.2874762616120279/package
43 verbose from cache /home/qawe/tmp/npm-2886/1361101757906-0.2874762616120279/package/package.json
44 verbose tar pack [ '/home/qawe/.npm/Ping/0.0.1/package.tgz',
44 verbose tar pack   '/home/qawe/tmp/npm-2886/1361101757906-0.2874762616120279/package' ]
45 verbose tarball /home/qawe/.npm/Ping/0.0.1/package.tgz
46 verbose folder /home/qawe/tmp/npm-2886/1361101757906-0.2874762616120279/package
47 silly lockFile 426a1822--qawe-npm-Ping-0-0-1-package-tgz /home/qawe/.npm/Ping/0.0.1/package.tgz
48 verbose lock /home/qawe/.npm/Ping/0.0.1/package.tgz /home/qawe/.npm/426a1822--qawe-npm-Ping-0-0-1-package-tgz.lock
49 silly lockFile 426a1822--qawe-npm-Ping-0-0-1-package-tgz /home/qawe/.npm/Ping/0.0.1/package.tgz
50 silly lockFile e5460eab-home-qawe-npm-Ping-0-0-1-package /home/qawe/.npm/Ping/0.0.1/package
51 verbose lock /home/qawe/.npm/Ping/0.0.1/package /home/qawe/.npm/e5460eab-home-qawe-npm-Ping-0-0-1-package.lock
52 silly lockFile e5460eab-home-qawe-npm-Ping-0-0-1-package /home/qawe/.npm/Ping/0.0.1/package
53 verbose tar unpack /home/qawe/.npm/Ping/0.0.1/package.tgz
54 silly lockFile e5460eab-home-qawe-npm-Ping-0-0-1-package /home/qawe/.npm/Ping/0.0.1/package
55 verbose lock /home/qawe/.npm/Ping/0.0.1/package /home/qawe/.npm/e5460eab-home-qawe-npm-Ping-0-0-1-package.lock
56 silly gunzTarPerm modes [ '755', '644' ]
57 silly gunzTarPerm extractEntry package.json
58 silly gunzTarPerm extractEntry .npmignore
59 silly gunzTarPerm extractEntry README.md
60 silly gunzTarPerm extractEntry app.js
61 silly gunzTarPerm extractEntry config.js
62 silly gunzTarPerm extractEntry websites.js
63 silly gunzTarPerm extractEntry Procfile
64 silly gunzTarPerm extractEntry lib/mailer.js
65 silly gunzTarPerm extractEntry lib/ping.js
66 silly gunzTarPerm extractEntry websites.js~
67 verbose read json /home/qawe/.npm/Ping/0.0.1/package/package.json
68 silly lockFile e5460eab-home-qawe-npm-Ping-0-0-1-package /home/qawe/.npm/Ping/0.0.1/package
69 silly shasum updated bytes 3816
70 info shasum b1d32a7861e168007aae0223f90d0425a41c38bf
70 info shasum /home/qawe/.npm/Ping/0.0.1/package.tgz
71 verbose from cache /home/qawe/.npm/Ping/0.0.1/package/package.json
72 verbose chmod /home/qawe/.npm/Ping/0.0.1/package.tgz 644
73 verbose chown /home/qawe/.npm/Ping/0.0.1/package.tgz [ 1000, 1000 ]
74 silly lockFile 3a52ce78- .
75 silly publish { name: 'Ping',
75 silly publish   version: '0.0.1',
75 silly publish   description: 'Monitor your website uptime',
75 silly publish   main: 'app.js',
75 silly publish   scripts: { test: 'echo "Error: no test specified" && exit 1' },
75 silly publish   repository: { type: 'git', url: 'https://github.com/qawemlilo/ping.git' },
75 silly publish   keywords: [ 'uptime', 'website', 'monitor' ],
75 silly publish   dependencies: { request: '~2.12.0', commander: '~1.1.1', nodemailer: '0.3.x' },
75 silly publish   bin: { ping: 'bin/ping' },
75 silly publish   author: { name: 'Qawelesizwe Mlilo' },
75 silly publish   license: 'MIT',
75 silly publish   engines: { node: '0.8.x', npm: '1.1.x' },
75 silly publish   readme: '# Node uptime monitor\n',
75 silly publish   readmeFilename: 'README.md',
75 silly publish   _id: 'Ping@0.0.1',
75 silly publish   dist: { shasum: 'b1d32a7861e168007aae0223f90d0425a41c38bf' },
75 silly publish   _from: '.' }
76 error need auth auth and email required for publishing
76 error need auth You need to authorize this machine using `npm adduser`
77 error System Linux 3.0.0-30-generic
78 error command "/usr/local/bin/node" "/usr/local/bin/npm" "publis" "."
79 error cwd /home/qawe/Desktop/Projects/ping
80 error node -v v0.9.9-pre
81 error npm -v 1.2.3
82 error code ENEEDAUTH
83 verbose exit [ 1, true ]
